### ISSUE TITLE
Null Pointer Dereference in H5F__accum_read() hdf5/src/H5Faccum.c:192

### ISSUE THREAD

**Issue by ZFeiXQ** [HDFGroup/hdf5#1311]
**Version:**
```
Version 1.13.1-1
```
**System information**
```
Ubuntu 20.04.1 LTS, gcc version 9.3.0 (Ubuntu 9.3.0-17ubuntu1~20.04)
```

**command:**
```
h5dump POC1
```

[POC1.zip](https://github.com/HDFGroup/hdf5/files/7739251/POC1.zip)

**Result**
```
segmentation fault
```
**GDB information**

```
Program received signal SIGSEGV, Segmentation fault.
[----------------------------------registers-----------------------------------]
RAX: 0x5555559619c0 --> 0x0 
RBX: 0x55555595d4b0 --> 0x55555595cf80 --> 0x800000000000000 
RCX: 0x0 
RDX: 0x26 ('&')
RSI: 0x0 
RDI: 0x5555559619c0 --> 0x0 
RBP: 0xffffffffffffffff 
RSP: 0x7fffffffda38 --> 0x55555580a386 (<H5F__accum_read+358>:  mov    QWORD PTR [rbx+0x7d0],rbp)
RIP: 0x7ffff7dfa687 (<__memmove_avx_unaligned_erms+23>: vmovdqu ymm0,YMMWORD PTR [rsi])
R8 : 0x0 
R9 : 0x25 ('%')
R10: 0x55555595cf80 --> 0x800000000000000 
R11: 0x25 ('%')
R12: 0x0 
R13: 0x26 ('&')
R14: 0x5555559619c0 --> 0x0 
R15: 0x0
EFLAGS: 0x10283 (CARRY parity adjust zero SIGN trap INTERRUPT direction overflow)
[-------------------------------------code-------------------------------------]
   0x7ffff7dfa67b <__memmove_avx_unaligned_erms+11>:    jb     0x7ffff7dfa6c6 <__memmove_avx_unaligned_erms+86>
   0x7ffff7dfa67d <__memmove_avx_unaligned_erms+13>:    cmp    rdx,0x40
   0x7ffff7dfa681 <__memmove_avx_unaligned_erms+17>:    ja     0x7ffff7dfa726 <__memmove_avx_unaligned_erms+182>
=> 0x7ffff7dfa687 <__memmove_avx_unaligned_erms+23>:    vmovdqu ymm0,YMMWORD PTR [rsi]
   0x7ffff7dfa68b <__memmove_avx_unaligned_erms+27>:    vmovdqu ymm1,YMMWORD PTR [rsi+rdx*1-0x20]
   0x7ffff7dfa691 <__memmove_avx_unaligned_erms+33>:    vmovdqu YMMWORD PTR [rdi],ymm0
   0x7ffff7dfa695 <__memmove_avx_unaligned_erms+37>:    vmovdqu YMMWORD PTR [rdi+rdx*1-0x20],ymm1
   0x7ffff7dfa69b <__memmove_avx_unaligned_erms+43>:    vzeroupper
[------------------------------------stack-------------------------------------]
0000| 0x7fffffffda38 --> 0x55555580a386 (<H5F__accum_read+358>: mov    QWORD PTR [rbx+0x7d0],rbp)
0008| 0x7fffffffda40 --> 0xffffffffffffffff 
0016| 0x7fffffffda48 --> 0x751a16fdab14cd00 
0024| 0x7fffffffda50 --> 0x0 
0032| 0x7fffffffda58 --> 0x55555595d440 --> 0x55555595e160 ("./afl-out-hudump/crashes/id:000003,sig:06,src:000014+000080,op:splice,rep:2")
0040| 0x7fffffffda60 --> 0x555555907500 --> 0x5 
0048| 0x7fffffffda68 --> 0x0 
0056| 0x7fffffffda70 --> 0x55555595d440 --> 0x55555595e160 ("./afl-out-hudump/crashes/id:000003,sig:06,src:000014+000080,op:splice,rep:2")
[------------------------------------------------------------------------------]
Legend: code, data, rodata, value
Stopped reason: SIGSEGV
__memmove_avx_unaligned_erms () at ../sysdeps/x86_64/multiarch/memmove-vec-unaligned-erms.S:238
238     ../sysdeps/x86_64/multiarch/memmove-vec-unaligned-erms.S: No such file or directory.
gdb-peda$ bt
#0  __memmove_avx_unaligned_erms () at ../sysdeps/x86_64/multiarch/memmove-vec-unaligned-erms.S:238
#1  0x000055555580a386 in H5F__accum_read (f_sh=f_sh@entry=0x55555595d4b0, map_type=<optimized out>, addr=addr@entry=0xffffffffffffffff, 
    size=size@entry=0x26, buf=buf@entry=0x5555559619c0) at /home/zxq/CVE_testing/source/hdf5/src/H5Faccum.c:192
#2  0x00005555556df5c8 in H5PB_read (f_sh=0x55555595d4b0, type=H5FD_MEM_BTREE, addr=0xffffffffffffffff, size=0x26, buf=0x5555559619c0)
    at /home/zxq/CVE_testing/source/hdf5/src/H5PB.c:717
#3  0x00005555556122b8 in H5F_block_read (f=f@entry=0x55555595d440, type=<optimized out>, addr=addr@entry=0xffffffffffffffff, size=<optimized out>, 
    buf=buf@entry=0x5555559619c0) at /home/zxq/CVE_testing/source/hdf5/src/H5Fio.c:147
#4  0x00005555555bb022 in H5C__load_entry (udata=0x7fffffffdc30, addr=0xffffffffffffffff, type=0x5555559059a0 <H5AC_BT2_HDR>, f=0x55555595d440)
    at /home/zxq/CVE_testing/source/hdf5/src/H5C.c:7185
#5  H5C_protect (f=f@entry=0x55555595d440, type=type@entry=0x5555559059a0 <H5AC_BT2_HDR>, addr=addr@entry=0xffffffffffffffff, 
    udata=udata@entry=0x7fffffffdc30, flags=flags@entry=0x200) at /home/zxq/CVE_testing/source/hdf5/src/H5C.c:2360
#6  0x000055555559fce8 in H5AC_protect (f=f@entry=0x55555595d440, type=0x5555559059a0 <H5AC_BT2_HDR>, addr=addr@entry=0xffffffffffffffff, 
    udata=udata@entry=0x7fffffffdc30, flags=flags@entry=0x200) at /home/zxq/CVE_testing/source/hdf5/src/H5AC.c:1395
#7  0x00005555555a7867 in H5B2__hdr_protect (f=f@entry=0x55555595d440, hdr_addr=0xffffffffffffffff, ctx_udata=ctx_udata@entry=0x0, flags=flags@entry=0x200)
    at /home/zxq/CVE_testing/source/hdf5/src/H5B2hdr.c:528
#8  0x00005555555a561b in H5B2_open (f=0x55555595d440, addr=<optimized out>, ctx_udata=ctx_udata@entry=0x0)
    at /home/zxq/CVE_testing/source/hdf5/src/H5B2.c:208
#9  0x000055555564607a in H5G__obj_get_linfo (grp_oloc=grp_oloc@entry=0x555555961508, linfo=linfo@entry=0x7fffffffdd10)
    at /home/zxq/CVE_testing/source/hdf5/src/H5Gobj.c:317
#10 0x000055555563ef3c in H5G_visit (loc=loc@entry=0x7fffffffddd0, group_name=<optimized out>, idx_type=H5_INDEX_NAME, order=H5_ITER_INC, 
    op=<optimized out>, op_data=<optimized out>) at /home/zxq/CVE_testing/source/hdf5/src/H5Gint.c:1222
#11 0x00005555557bebc5 in H5VL__native_link_specific (obj=<optimized out>, loc_params=0x7fffffffde50, args=0x7fffffffde80, dxpl_id=<optimized out>, 
    req=<optimized out>) at /home/zxq/CVE_testing/source/hdf5/src/H5VLnative_link.c:374
#12 0x00005555557adbd0 in H5VL__link_specific (cls=<optimized out>, req=0x0, dxpl_id=0xb00000000000008, args=0x7fffffffde80, loc_params=0x7fffffffde50, 
    obj=<optimized out>) at /home/zxq/CVE_testing/source/hdf5/src/H5VLcallback.c:5305
#13 H5VL_link_specific (vol_obj=vol_obj@entry=0x55555595f530, loc_params=loc_params@entry=0x7fffffffde50, args=args@entry=0x7fffffffde80, 
    dxpl_id=0xb00000000000008, req=req@entry=0x0) at /home/zxq/CVE_testing/source/hdf5/src/H5VLcallback.c:5339
#14 0x0000555555672f51 in H5Lvisit_by_name2 (loc_id=loc_id@entry=0x100000000000000, group_name=group_name@entry=0x55555582838d "/", 
    idx_type=H5_INDEX_NAME, order=H5_ITER_INC, op=op@entry=0x55555558d1b0 <traverse_cb>, op_data=op_data@entry=0x7fffffffdf50, lapl_id=<optimized out>)
    at /home/zxq/CVE_testing/source/hdf5/src/H5L.c:1984
#15 0x000055555558e81e in traverse (fields=0x1, visitor=0x7fffffffdf10, recurse=0x1, visit_start=<optimized out>, grp_name=0x55555582838d "/", 
    file_id=0x100000000000000) at /home/zxq/CVE_testing/source/hdf5/tools/lib/h5trav.c:288
#16 h5trav_visit (fid=fid@entry=0x100000000000000, grp_name=grp_name@entry=0x55555582838d "/", visit_start=visit_start@entry=0x1, 
    recurse=recurse@entry=0x1, visit_obj=visit_obj@entry=0x55555558bf50 <find_objs_cb>, visit_lnk=visit_lnk@entry=0x0, udata=0x7fffffffe060, fields=0x1)
    at /home/zxq/CVE_testing/source/hdf5/tools/lib/h5trav.c:1057
#17 0x000055555558c377 in init_objs (fid=0x100000000000000, info=0x7fffffffe060, group_table=0x555555960c80, dset_table=0x555555960c88, 
    type_table=0x555555960c90) at /home/zxq/CVE_testing/source/hdf5/tools/lib/h5tools_utils.c:629
#18 0x000055555556747d in table_list_add (oid=0x100000000000000, file_no=0x1) at /home/zxq/CVE_testing/source/hdf5/tools/src/h5dump/h5dump.c:410
#19 0x00005555555643f7 in main (argc=argc@entry=0x2, argv=argv@entry=0x7fffffffe268) at /home/zxq/CVE_testing/source/hdf5/tools/src/h5dump/h5dump.c:1468
#20 0x00007ffff7c930b3 in __libc_start_main (main=0x555555563f60 <main>, argc=0x2, argv=0x7fffffffe268, init=<optimized out>, fini=<optimized out>, 
    rtld_fini=<optimized out>, stack_end=0x7fffffffe258) at ../csu/libc-start.c:308
#21 0x00005555555659ee in _start ()
```
