### ISSUE TITLE
 Null Pointer Dereference in in H5L__extern_query ()at hdf5/src/H5Lexternal.c:280

### ISSUE THREAD

**Issue by ZFeiXQ** [HDFGroup/hdf5#1312]
**Version:**
```
h5dump: Version 1.13.1-1
```
**System information**
```
Ubuntu 20.04.1 LTS, gcc version 9.3.0 (Ubuntu 9.3.0-17ubuntu1~20.04)
```

**command:**
```
h5dump POC2
```
[POC2.zip](https://github.com/HDFGroup/hdf5/files/7739263/POC2.zip)

**Result**
```
segmentation fault
```
**GDB information**

```
Program received signal SIGSEGV, Segmentation fault.
[----------------------------------registers-----------------------------------]
RAX: 0x55555581b320 (<H5L__extern_query>:   endbr64)
RBX: 0x7fffffffdb30 --> 0x550000000040 ('@')
RCX: 0x0 
RDX: 0x0 
RSI: 0x0 
RDI: 0x5555559615b0 ("ext_link")
RBP: 0x5555559614f0 --> 0x40 ('@')
RSP: 0x7fffffffda50 --> 0x7fffffffdb30 --> 0x550000000040 ('@')
RIP: 0x55555581b325 (<H5L__extern_query+5>: movzx  eax,BYTE PTR [rsi])
R8 : 0x0 
R9 : 0x6b6e696c5f7478 ('xt_link')
R10: 0x7fffffffdae0 --> 0x0 
R11: 0x0 
R12: 0x0 
R13: 0x7fffffffdb30 --> 0x550000000040 ('@')
R14: 0x5555559615b0 ("ext_link")
R15: 0xa ('\n')
EFLAGS: 0x10246 (carry PARITY adjust ZERO sign trap INTERRUPT direction overflow)
[-------------------------------------code-------------------------------------]
   0x55555581b31d:  nop    DWORD PTR [rax]
   0x55555581b320 <H5L__extern_query>:  endbr64 
   0x55555581b324 <H5L__extern_query+4>:    push   rbx
=> 0x55555581b325 <H5L__extern_query+5>:    movzx  eax,BYTE PTR [rsi]
   0x55555581b328 <H5L__extern_query+8>:    mov    rdi,rcx
   0x55555581b32b <H5L__extern_query+11>:   mov    ecx,eax
   0x55555581b32d <H5L__extern_query+13>:   shr    cl,0x4
   0x55555581b330 <H5L__extern_query+16>:   jne    0x55555581b356 <H5L__extern_query+54>
[------------------------------------stack-------------------------------------]
0000| 0x7fffffffda50 --> 0x7fffffffdb30 --> 0x550000000040 ('@')
0008| 0x7fffffffda58 --> 0x55555563fd96 (<H5G_link_to_info+118>:    test   rax,rax)
0016| 0x7fffffffda60 --> 0xa ('\n')
0024| 0x7fffffffda68 --> 0x7fffffffdd90 --> 0x200000000000000 
0032| 0x7fffffffda70 --> 0x5555559614f0 --> 0x40 ('@')
0040| 0x7fffffffda78 --> 0x55555563d5bd (<H5G__visit_cb+157>:   test   eax,eax)
0048| 0x7fffffffda80 --> 0x9 ('\t')
0056| 0x7fffffffda88 --> 0xffffffffffffffb0 
[------------------------------------------------------------------------------]
Legend: code, data, rodata, value
Stopped reason: SIGSEGV
0x000055555581b325 in H5L__extern_query (link_name=0x5555559615b0 "ext_link", _udata=0x0, udata_size=0x0, buf=0x0, buf_size=0x0)
    at /home/zxq/CVE_testing/source/hdf5/src/H5Lexternal.c:280
280 {
gdb-peda$ bt
#0  0x000055555581b325 in H5L__extern_query (link_name=0x5555559615b0 "ext_link", _udata=0x0, udata_size=0x0, buf=0x0, buf_size=0x0)
    at /home/zxq/CVE_testing/source/hdf5/src/H5Lexternal.c:280
#1  0x000055555563fd96 in H5G_link_to_info (link_loc=<optimized out>, lnk=lnk@entry=0x5555559614f0, info=info@entry=0x7fffffffdb30)
    at /home/zxq/CVE_testing/source/hdf5/src/H5Glink.c:325
#2  0x000055555563d5bd in H5G__visit_cb (lnk=0x5555559614f0, _udata=0x7fffffffdd90) at /home/zxq/CVE_testing/source/hdf5/src/H5Gint.c:1012
#3  0x00005555556400b6 in H5G__link_iterate_table (ltable=ltable@entry=0x7fffffffdbf0, skip=skip@entry=0x0, last_lnk=last_lnk@entry=0x0, 
    op=op@entry=0x55555563d520 <H5G__visit_cb>, op_data=op_data@entry=0x7fffffffdd90) at /home/zxq/CVE_testing/source/hdf5/src/H5Glink.c:475
#4  0x0000555555812d08 in H5G__compact_iterate (oloc=oloc@entry=0x555555961038, linfo=<optimized out>, idx_type=idx_type@entry=H5_INDEX_NAME, 
    order=order@entry=H5_ITER_INC, skip=skip@entry=0x0, last_lnk=last_lnk@entry=0x0, op=0x55555563d520 <H5G__visit_cb>, op_data=0x7fffffffdd90)
    at /home/zxq/CVE_testing/source/hdf5/src/H5Gcompact.c:407
#5  0x0000555555646c8f in H5G__obj_iterate (grp_oloc=grp_oloc@entry=0x555555961038, idx_type=H5_INDEX_NAME, order=order@entry=H5_ITER_INC, 
    skip=skip@entry=0x0, last_lnk=last_lnk@entry=0x0, op=op@entry=0x55555563d520 <H5G__visit_cb>, op_data=0x7fffffffdd90)
    at /home/zxq/CVE_testing/source/hdf5/src/H5Gobj.c:661
#6  0x000055555563ef74 in H5G_visit (loc=loc@entry=0x7fffffffde20, group_name=<optimized out>, idx_type=<optimized out>, order=H5_ITER_INC, 
    op=<optimized out>, op_data=<optimized out>) at /home/zxq/CVE_testing/source/hdf5/src/H5Gint.c:1243
#7  0x00005555557bebc5 in H5VL__native_link_specific (obj=<optimized out>, loc_params=0x7fffffffdea0, args=0x7fffffffded0, dxpl_id=<optimized out>, 
    req=<optimized out>) at /home/zxq/CVE_testing/source/hdf5/src/H5VLnative_link.c:374
#8  0x00005555557adbd0 in H5VL__link_specific (cls=<optimized out>, req=0x0, dxpl_id=0xb00000000000008, args=0x7fffffffded0, loc_params=0x7fffffffdea0, 
    obj=<optimized out>) at /home/zxq/CVE_testing/source/hdf5/src/H5VLcallback.c:5305
#9  H5VL_link_specific (vol_obj=vol_obj@entry=0x55555595f560, loc_params=loc_params@entry=0x7fffffffdea0, args=args@entry=0x7fffffffded0, 
    dxpl_id=0xb00000000000008, req=req@entry=0x0) at /home/zxq/CVE_testing/source/hdf5/src/H5VLcallback.c:5339
#10 0x0000555555672f51 in H5Lvisit_by_name2 (loc_id=loc_id@entry=0x100000000000000, group_name=group_name@entry=0x55555582838d "/", 
    idx_type=H5_INDEX_NAME, order=H5_ITER_INC, op=op@entry=0x55555558d1b0 <traverse_cb>, op_data=op_data@entry=0x7fffffffdfa0, lapl_id=<optimized out>)
    at /home/zxq/CVE_testing/source/hdf5/src/H5L.c:1984
#11 0x000055555558e81e in traverse (fields=0x1, visitor=0x7fffffffdf60, recurse=0x1, visit_start=<optimized out>, grp_name=0x55555582838d "/", 
    file_id=0x100000000000000) at /home/zxq/CVE_testing/source/hdf5/tools/lib/h5trav.c:288
#12 h5trav_visit (fid=fid@entry=0x100000000000000, grp_name=grp_name@entry=0x55555582838d "/", visit_start=visit_start@entry=0x1, 
    recurse=recurse@entry=0x1, visit_obj=visit_obj@entry=0x55555558bf50 <find_objs_cb>, visit_lnk=visit_lnk@entry=0x0, udata=0x7fffffffe0b0, fields=0x1)
    at /home/zxq/CVE_testing/source/hdf5/tools/lib/h5trav.c:1057
#13 0x000055555558c377 in init_objs (fid=0x100000000000000, info=0x7fffffffe0b0, group_table=0x5555559607b0, dset_table=0x5555559607b8, 
    type_table=0x5555559607c0) at /home/zxq/CVE_testing/source/hdf5/tools/lib/h5tools_utils.c:629
#14 0x000055555556747d in table_list_add (oid=0x100000000000000, file_no=0x1) at /home/zxq/CVE_testing/source/hdf5/tools/src/h5dump/h5dump.c:410
#15 0x00005555555643f7 in main (argc=argc@entry=0x2, argv=argv@entry=0x7fffffffe2b8) at /home/zxq/CVE_testing/source/hdf5/tools/src/h5dump/h5dump.c:1468
#16 0x00007ffff7c930b3 in __libc_start_main (main=0x555555563f60 <main>, argc=0x2, argv=0x7fffffffe2b8, init=<optimized out>, fini=<optimized out>, 
    rtld_fini=<optimized out>, stack_end=0x7fffffffe2a8) at ../csu/libc-start.c:308
#17 0x00005555555659ee in _start ()
```
