### ISSUE TITLE
segmentation fault in  in H5F_get_nrefs () at hdf5/src/H5Fquery.c:569

### ISSUE THREAD

**Issue by ZFeiXQ** [HDFGroup/hdf5#1316]
**Version:**
```
 Version 1.13.1-1
```
**System information**
```
Ubuntu 20.04.1 LTS, gcc version 9.3.0 (Ubuntu 9.3.0-17ubuntu1~20.04)
```

**command:**
```
h5debug POC7
```
[POC7.zip](https://github.com/HDFGroup/hdf5/files/7739312/POC7.zip)

**result**
```
segmentation fault

```
**GDB**
```
Program received signal SIGSEGV, Segmentation fault.
[----------------------------------registers-----------------------------------]
RAX: 0x0 
RBX: 0x555555905300 --> 0x5555559016f0 --> 0x0 
RCX: 0x0 
RDX: 0x0 
RSI: 0xb00000000000008 
RDI: 0x5555559016f0 --> 0x0 
RBP: 0x5555559016f0 --> 0x0 
RSP: 0x7fffffffd9f8 --> 0x555555764c69 (<H5VL__native_file_close+41>:   cmp    eax,0x1)
RIP: 0x5555555e1d78 (<H5F_get_nrefs+8>: mov    eax,DWORD PTR [rax+0x1c])
R8 : 0x1 
R9 : 0x7fffffffd940 --> 0x2 
R10: 0x555555836fbd --> 0x6174656d2e732500 ('')
R11: 0x5555557e0377 --> 0x434100706f745f54 ('T_top')
R12: 0x0 
R13: 0x5555558bb680 --> 0x1 
R14: 0x1 
R15: 0x0
EFLAGS: 0x10246 (carry PARITY adjust ZERO sign trap INTERRUPT direction overflow)
[-------------------------------------code-------------------------------------]
   0x5555555e1d66:  nop    WORD PTR cs:[rax+rax*1+0x0]
   0x5555555e1d70 <H5F_get_nrefs>:  endbr64 
   0x5555555e1d74 <H5F_get_nrefs+4>:    mov    rax,QWORD PTR [rdi+0x10]
=> 0x5555555e1d78 <H5F_get_nrefs+8>:    mov    eax,DWORD PTR [rax+0x1c]
   0x5555555e1d7b <H5F_get_nrefs+11>:   ret    
   0x5555555e1d7c:  nop    DWORD PTR [rax+0x0]
   0x5555555e1d80 <H5F_rdcc_nslots>:    endbr64 
   0x5555555e1d84 <H5F_rdcc_nslots+4>:  mov    rax,QWORD PTR [rdi+0x10]
[------------------------------------stack-------------------------------------]
0000| 0x7fffffffd9f8 --> 0x555555764c69 (<H5VL__native_file_close+41>:  cmp    eax,0x1)
0008| 0x7fffffffda00 --> 0xffffffffffffffff 
0016| 0x7fffffffda08 --> 0xa58e36f05e5f0400 
0024| 0x7fffffffda10 --> 0xb00000000000008 
0032| 0x7fffffffda18 --> 0x555555752d02 (<H5VL_file_close+66>:  test   eax,eax)
0040| 0x7fffffffda20 --> 0x5555558e6bc0 --> 0x5555558e67b0 --> 0x555555900610 --> 0x555555901240 --> 0x5555558fedb0 (--> ...)
0048| 0x7fffffffda28 --> 0x0 
0056| 0x7fffffffda30 --> 0x555555905300 --> 0x5555559016f0 --> 0x0 
[------------------------------------------------------------------------------]
Legend: code, data, rodata, value
Stopped reason: SIGSEGV
0x00005555555e1d78 in H5F_get_nrefs (f=f@entry=0x5555559016f0) at /home/zxq/CVE_testing/source/hdf5/src/H5Fquery.c:569
569     FUNC_LEAVE_NOAPI(f->shared->nrefs)
gdb-peda$ bt
#0  0x00005555555e1d78 in H5F_get_nrefs (f=f@entry=0x5555559016f0) at /home/zxq/CVE_testing/source/hdf5/src/H5Fquery.c:569
#1  0x0000555555764c69 in H5VL__native_file_close (file=0x5555559016f0, dxpl_id=<optimized out>, req=<optimized out>)
    at /home/zxq/CVE_testing/source/hdf5/src/H5VLnative_file.c:763
#2  0x0000555555752d02 in H5VL__file_close (cls=<optimized out>, req=0x0, dxpl_id=0xb00000000000008, obj=<optimized out>)
    at /home/zxq/CVE_testing/source/hdf5/src/H5VLcallback.c:4132
#3  H5VL_file_close (vol_obj=vol_obj@entry=0x555555905300, dxpl_id=0xb00000000000008, req=0x0) at /home/zxq/CVE_testing/source/hdf5/src/H5VLcallback.c:4163
#4  0x00005555555d8e2a in H5F__close_cb (file_vol_obj=0x555555905300, request=<optimized out>) at /home/zxq/CVE_testing/source/hdf5/src/H5Fint.c:216
#5  0x000055555562f739 in H5I__mark_node (key=0x0, _udata=<synthetic pointer>, _info=0x555555905320) at /home/zxq/CVE_testing/source/hdf5/src/H5Iint.c:410
#6  H5I_clear_type (type=type@entry=H5I_FILE, force=force@entry=0x0, app_ref=app_ref@entry=0x0) at /home/zxq/CVE_testing/source/hdf5/src/H5Iint.c:333
#7  0x00005555555d9d15 in H5F_term_package () at /home/zxq/CVE_testing/source/hdf5/src/H5Fint.c:174
#8  0x0000555555563b0e in H5_term_library () at /home/zxq/CVE_testing/source/hdf5/src/H5.c:470
#9  0x00007ffff7cb5a27 in __run_exit_handlers (status=0x0, listp=0x7ffff7e57718 <__exit_funcs>, run_list_atexit=run_list_atexit@entry=0x1, 
    run_dtors=run_dtors@entry=0x1) at exit.c:108
#10 0x00007ffff7cb5be0 in __GI_exit (status=<optimized out>) at exit.c:139
#11 0x00007ffff7c930ba in __libc_start_main (main=0x555555561e80 <main>, argc=0x2, argv=0x7fffffffe2e8, init=<optimized out>, fini=<optimized out>, 
    rtld_fini=<optimized out>, stack_end=0x7fffffffe2d8) at ../csu/libc-start.c:342
#12 0x000055555556340e in _start () at /usr/include/x86_64-linux-gnu/bits/stdio.h:84

```
