### ISSUE TITLE
Null Pointer Dereference in H5L__extern_query() hdf5/src/H5Lexternal.c

### ISSUE THREAD

**Issue by ZFeiXQ** [HDFGroup/hdf5#1318]
**Version:**
```
Version 1.13.1-1
```
**System information**
```
Ubuntu 20.04.1 LTS, gcc version 9.3.0 (Ubuntu 9.3.0-17ubuntu1~20.04)
```

**command:**
```
h5stat POC9
```
[POC9.zip](https://github.com/HDFGroup/hdf5/files/7739341/POC9.zip)

**result**
```
segmentation fault
```

**GDB information**
```
Program received signal SIGSEGV, Segmentation fault.
[----------------------------------registers-----------------------------------]
RAX: 0x55555580a950 (<H5L__extern_query>:   endbr64)
RBX: 0x7fffffffd910 --> 0x550000000040 ('@')
RCX: 0x0 
RDX: 0x0 
RSI: 0x0 
RDI: 0x55555594d580 --> 0x6c5f747865 ('ext_l')
RBP: 0x55555594d4c0 --> 0x40 ('@')
RSP: 0x7fffffffd830 --> 0x7fffffffd910 --> 0x550000000040 ('@')
RIP: 0x55555580a955 (<H5L__extern_query+5>: movzx  eax,BYTE PTR [rsi])
R8 : 0x0 
R9 : 0x55555594ce30 --> 0x5f74786508400801 
R10: 0x7fffffffd8c0 --> 0x0 
R11: 0x0 
R12: 0x0 
R13: 0x7fffffffd910 --> 0x550000000040 ('@')
R14: 0x55555594d580 --> 0x6c5f747865 ('ext_l')
R15: 0x7
EFLAGS: 0x10246 (carry PARITY adjust ZERO sign trap INTERRUPT direction overflow)
[-------------------------------------code-------------------------------------]
   0x55555580a94d:  nop    DWORD PTR [rax]
   0x55555580a950 <H5L__extern_query>:  endbr64 
   0x55555580a954 <H5L__extern_query+4>:    push   rbx
=> 0x55555580a955 <H5L__extern_query+5>:    movzx  eax,BYTE PTR [rsi]
   0x55555580a958 <H5L__extern_query+8>:    mov    rdi,rcx
   0x55555580a95b <H5L__extern_query+11>:   mov    ecx,eax
   0x55555580a95d <H5L__extern_query+13>:   shr    cl,0x4
   0x55555580a960 <H5L__extern_query+16>:   jne    0x55555580a986 <H5L__extern_query+54>
[------------------------------------stack-------------------------------------]
0000| 0x7fffffffd830 --> 0x7fffffffd910 --> 0x550000000040 ('@')
0008| 0x7fffffffd838 --> 0x555555631986 (<H5G_link_to_info+118>:    test   rax,rax)
0016| 0x7fffffffd840 --> 0x7 
0024| 0x7fffffffd848 --> 0x7fffffffdb70 --> 0x200000000000000 
0032| 0x7fffffffd850 --> 0x55555594d4c0 --> 0x40 ('@')
0040| 0x7fffffffd858 --> 0x55555562f1ad (<H5G__visit_cb+157>:   test   eax,eax)
0048| 0x7fffffffd860 --> 0x6 
0056| 0x7fffffffd868 --> 0xffffffffffffffb0 
[------------------------------------------------------------------------------]
Legend: code, data, rodata, value
Stopped reason: SIGSEGV
0x000055555580a955 in H5L__extern_query (link_name=0x55555594d580 "ext_l", _udata=0x0, udata_size=0x0, 
    buf=0x0, buf_size=0x0) at /home/zxq/CVE_testing/source/hdf5/src/H5Lexternal.c:280
280 {
gdb-peda$ bt
#0  0x000055555580a955 in H5L__extern_query (link_name=0x55555594d580 "ext_l", _udata=0x0, 
    udata_size=0x0, buf=0x0, buf_size=0x0) at /home/zxq/CVE_testing/source/hdf5/src/H5Lexternal.c:280
#1  0x0000555555631986 in H5G_link_to_info (link_loc=<optimized out>, lnk=lnk@entry=0x55555594d4c0, 
    info=info@entry=0x7fffffffd910) at /home/zxq/CVE_testing/source/hdf5/src/H5Glink.c:325
#2  0x000055555562f1ad in H5G__visit_cb (lnk=0x55555594d4c0, _udata=0x7fffffffdb70)
    at /home/zxq/CVE_testing/source/hdf5/src/H5Gint.c:1012
#3  0x0000555555631ca6 in H5G__link_iterate_table (ltable=ltable@entry=0x7fffffffd9d0, 
    skip=skip@entry=0x0, last_lnk=last_lnk@entry=0x0, op=op@entry=0x55555562f110 <H5G__visit_cb>, 
    op_data=op_data@entry=0x7fffffffdb70) at /home/zxq/CVE_testing/source/hdf5/src/H5Glink.c:475
#4  0x0000555555802338 in H5G__compact_iterate (oloc=oloc@entry=0x55555594d068, linfo=<optimized out>, 
    idx_type=idx_type@entry=H5_INDEX_NAME, order=order@entry=H5_ITER_INC, skip=skip@entry=0x0, 
    last_lnk=last_lnk@entry=0x0, op=0x55555562f110 <H5G__visit_cb>, op_data=0x7fffffffdb70)
    at /home/zxq/CVE_testing/source/hdf5/src/H5Gcompact.c:407
#5  0x000055555563887f in H5G__obj_iterate (grp_oloc=grp_oloc@entry=0x55555594d068, 
    idx_type=H5_INDEX_NAME, order=order@entry=H5_ITER_INC, skip=skip@entry=0x0, 
    last_lnk=last_lnk@entry=0x0, op=op@entry=0x55555562f110 <H5G__visit_cb>, op_data=0x7fffffffdb70)
    at /home/zxq/CVE_testing/source/hdf5/src/H5Gobj.c:661
#6  0x0000555555630b64 in H5G_visit (loc=loc@entry=0x7fffffffdc00, group_name=<optimized out>, 
    idx_type=<optimized out>, order=H5_ITER_INC, op=<optimized out>, op_data=<optimized out>)
    at /home/zxq/CVE_testing/source/hdf5/src/H5Gint.c:1243
#7  0x00005555557ae1f5 in H5VL__native_link_specific (obj=<optimized out>, loc_params=0x7fffffffdc80, 
    args=0x7fffffffdcb0, dxpl_id=<optimized out>, req=<optimized out>)
    at /home/zxq/CVE_testing/source/hdf5/src/H5VLnative_link.c:374
#8  0x000055555579d200 in H5VL__link_specific (cls=<optimized out>, req=0x0, dxpl_id=0xb00000000000008, 
    args=0x7fffffffdcb0, loc_params=0x7fffffffdc80, obj=<optimized out>)
    at /home/zxq/CVE_testing/source/hdf5/src/H5VLcallback.c:5305
#9  H5VL_link_specific (vol_obj=vol_obj@entry=0x55555594b7d0, 
    loc_params=loc_params@entry=0x7fffffffdc80, args=args@entry=0x7fffffffdcb0, 
    dxpl_id=0xb00000000000008, req=req@entry=0x0)
    at /home/zxq/CVE_testing/source/hdf5/src/H5VLcallback.c:5339
#10 0x0000555555664b41 in H5Lvisit_by_name2 (loc_id=loc_id@entry=0x100000000000000, 
    group_name=group_name@entry=0x5555558166e4 "/", idx_type=H5_INDEX_NAME, order=H5_ITER_INC, 
    op=op@entry=0x55555557eda0 <traverse_cb>, op_data=op_data@entry=0x7fffffffdd80, 
    lapl_id=<optimized out>) at /home/zxq/CVE_testing/source/hdf5/src/H5L.c:1984
#11 0x000055555558040e in traverse (fields=0x1f, visitor=0x7fffffffdd40, recurse=0x1, 
    visit_start=<optimized out>, grp_name=0x5555558166e4 "/", file_id=0x100000000000000)
    at /home/zxq/CVE_testing/source/hdf5/tools/lib/h5trav.c:288
#12 h5trav_visit (fid=0x100000000000000, grp_name=0x5555558166e4 "/", visit_start=<optimized out>, 
    recurse=<optimized out>, visit_obj=<optimized out>, visit_lnk=<optimized out>, udata=0x7fffffffdec0, 
    fields=0x1f) at /home/zxq/CVE_testing/source/hdf5/tools/lib/h5trav.c:1057
#13 0x0000555555563727 in main (argc=argc@entry=0x2, argv=argv@entry=0x7fffffffe348)
    at /home/zxq/CVE_testing/source/hdf5/tools/src/h5stat/h5stat.c:1795
#14 0x00007ffff7c930b3 in __libc_start_main (main=0x555555562f20 <main>, argc=0x2, argv=0x7fffffffe348, 
    init=<optimized out>, fini=<optimized out>, rtld_fini=<optimized out>, stack_end=0x7fffffffe338)
    at ../csu/libc-start.c:308
#15 0x0000555555563a3e in _start ()
gdb-peda$ 


```
